[35m[Appium][39m Welcome to Appium v1.22.2
[35m[Appium][39m Non-default server args:
[35m[Appium][39m   port: 52874
[35m[Appium][39m   loglevel: info
[35m[Appium][39m   tmpDir: C:\Users\stjep\AppData\Local\Temp\\Katalon\Appium\Temp1643839006372
[35m[Appium][39m   chromedriverPort: 52875
[35m[Appium][39m Deprecated server args:
[35m[Appium][39m   [31m--chromedriver-port[39m => --default-capabilities
[35m[Appium][39m Default capabilities, which will be added to each request unless overridden by desired capabilities:
[35m[Appium][39m   chromedriverPort: 52875
[35m[Appium][39m Appium REST http interface listener started on 0.0.0.0:52874
[35m[HTTP][39m [37m-->[39m [37mGET[39m [37m/wd/hub/status[39m
[35m[HTTP][39m [90m{}[39m
[35m[HTTP][39m [37m<-- GET /wd/hub/status [39m[32m200[39m [90m9 ms - 68[39m
[35m[HTTP][39m [90m[39m
[35m[HTTP][39m [37m-->[39m [37mGET[39m [37m/wd/hub/status[39m
[35m[HTTP][39m [90m{}[39m
[35m[HTTP][39m [37m<-- GET /wd/hub/status [39m[32m200[39m [90m1 ms - 68[39m
[35m[HTTP][39m [90m[39m
[35m[HTTP][39m [37m-->[39m [37mPOST[39m [37m/wd/hub/session[39m
[35m[HTTP][39m [90m{"desiredCapabilities":{"app":"C:\\Users\\stjep\\Desktop\\rezijiser.apk","noReset":true,"deviceName":"samsung SM-A528B (Android 12)","fullReset":false,"platform":"ANDROID","newCommandTimeout":1800,"platformVersion":"12","automationName":"uiautomator2","autoGrantPermissions":true,"platformName":"Android","udid":"R5CRA2FXCNW","systemPort":52881},"capabilities":{"firstMatch":[{"appium:app":"C:\\Users\\stjep\\Desktop\\rezijiser.apk","appium:autoGrantPermissions":true,"appium:automationName":"uiautomator2","appium:deviceName":"samsung SM-A528B (Android 12)","appium:fullReset":false,"appium:newCommandTimeout":1800,"appium:noReset":true,"platform":"ANDROID","platformName":"android","appium:platformVersion":"12","appium:systemPort":52881,"appium:udid":"R5CRA2FXCNW"}]}}[39m
[35m[BaseDriver][39m The following capabilities are not standard capabilities and should have an extension prefix:
[35m[BaseDriver][39m   platform
[35m[BaseDriver][39m   chromedriverPort
[35m[Appium][39m Appium v1.22.2 creating new AndroidUiautomator2Driver (v1.70.1) session
[35m[BaseDriver][39m The following capabilities were provided, but are not recognized by Appium:
[35m[BaseDriver][39m   platform
[35m[BaseDriver][39m Session created with session id: 974dd6d7-8de7-4f23-bbdb-c2c6f3712f51
[35m[BaseDriver][39m Using local app 'C:\Users\stjep\Desktop\rezijiser.apk'
[35m[ADB][39m Found 1 'build-tools' folders under 'C:\Users\stjep\.katalon\tools\android_sdk' (newest first):
[35m[ADB][39m     C:/Users/stjep/.katalon/tools/android_sdk/build-tools/29.0.3
[35m[ADB][39m Using 'adb.exe' from 'C:\Users\stjep\.katalon\tools\android_sdk\platform-tools\adb.exe'
[35m[AndroidDriver][39m Retrieving device list
[35m[AndroidDriver][39m Using device: R5CRA2FXCNW
[35m[ADB][39m Using 'adb.exe' from 'C:\Users\stjep\.katalon\tools\android_sdk\platform-tools\adb.exe'
[35m[ADB][39m Getting device platform version
[35m[UiAutomator2][39m Relaxing hidden api policy
[35m[ADB][39m Package name: 'hr.tumiljanovic.mojerezije'
[35m[ADB][39m Main activity name: 'hr.tumiljanovic.mojerezije.ui.MainActivity'
[35m[ADB][39m Using 'apksigner.jar' from 'C:\Users\stjep\.katalon\tools\android_sdk\build-tools\29.0.3\lib\apksigner.jar'
[35m[ADB][39m 'C:\Users\stjep\node_modules\appium\node_modules\appium-uiautomator2-server\apks\appium-uiautomator2-server-v4.27.0.apk' is signed with the default certificate
[35m[ADB][39m 'C:\Users\stjep\node_modules\appium\node_modules\appium-uiautomator2-server\apks\appium-uiautomator2-server-debug-androidTest.apk' is signed with the default certificate
[35m[UiAutomator2][39m Server packages are not going to be (re)installed
[35m[ADB][39m Adding packages ["io.appium.settings","io.appium.uiautomator2.server","io.appium.uiautomator2.server.test"] to Doze whitelist
[35m[ADB][39m 'C:\Users\stjep\Desktop\rezijiser.apk' is signed with a non-default certificate
[35m[UiAutomator2][39m Starting UIAutomator2 server 4.27.0
[35m[UiAutomator2][39m Using UIAutomator2 server from 'C:\Users\stjep\node_modules\appium\node_modules\appium-uiautomator2-server\apks\appium-uiautomator2-server-v4.27.0.apk' and test from 'C:\Users\stjep\node_modules\appium\node_modules\appium-uiautomator2-server\apks\appium-uiautomator2-server-debug-androidTest.apk'
[35m[UiAutomator2][39m Waiting up to 30000ms for UiAutomator2 to be online...
[35m[WD Proxy][39m socket hang up
[35m[WD Proxy][39m socket hang up
[35m[WD Proxy][39m socket hang up
[35m[WD Proxy][39m Determined the downstream protocol as 'W3C'
[35m[AndroidDriver][39m Screen already unlocked, doing nothing
[35m[UiAutomator2][39m Starting 'hr.tumiljanovic.mojerezije/hr.tumiljanovic.mojerezije.ui.MainActivity and waiting for 'hr.tumiljanovic.mojerezije/hr.tumiljanovic.mojerezije.ui.MainActivity'
[35m[Appium][39m New AndroidUiautomator2Driver session created successfully, session 974dd6d7-8de7-4f23-bbdb-c2c6f3712f51 added to master session list
[35m[HTTP][39m [37m<-- POST /wd/hub/session [39m[32m200[39m [90m11752 ms - 1243[39m
[35m[HTTP][39m [90m[39m
[35m[HTTP][39m [37m-->[39m [37mGET[39m [37m/wd/hub/session/974dd6d7-8de7-4f23-bbdb-c2c6f3712f51[39m
[35m[HTTP][39m [90m{}[39m
[35m[HTTP][39m [37m<-- GET /wd/hub/session/974dd6d7-8de7-4f23-bbdb-c2c6f3712f51 [39m[32m200[39m [90m19 ms - 1197[39m
[35m[HTTP][39m [90m[39m
[35m[HTTP][39m [37m-->[39m [37mGET[39m [37m/wd/hub/session/974dd6d7-8de7-4f23-bbdb-c2c6f3712f51[39m
[35m[HTTP][39m [90m{}[39m
[35m[HTTP][39m [37m<-- GET /wd/hub/session/974dd6d7-8de7-4f23-bbdb-c2c6f3712f51 [39m[32m200[39m [90m13 ms - 1197[39m
[35m[HTTP][39m [90m[39m
[35m[HTTP][39m [37m-->[39m [37mGET[39m [37m/wd/hub/status[39m
[35m[HTTP][39m [90m{}[39m
[35m[HTTP][39m [37m<-- GET /wd/hub/status [39m[32m200[39m [90m2 ms - 68[39m
[35m[HTTP][39m [90m[39m
[35m[HTTP][39m [37m-->[39m [37mPOST[39m [37m/wd/hub/session/974dd6d7-8de7-4f23-bbdb-c2c6f3712f51/timeouts[39m
[35m[HTTP][39m [90m{"implicit":60000}[39m
[35m[HTTP][39m [37m<-- POST /wd/hub/session/974dd6d7-8de7-4f23-bbdb-c2c6f3712f51/timeouts [39m[32m200[39m [90m6 ms - 14[39m
[35m[HTTP][39m [90m[39m
[35m[HTTP][39m [37m-->[39m [37mGET[39m [37m/wd/hub/session/974dd6d7-8de7-4f23-bbdb-c2c6f3712f51/source[39m
[35m[HTTP][39m [90m{}[39m
[35m[W3C (974dd6d7)][39m Driver proxy active, passing request on via HTTP proxy
[35m[WD Proxy][39m Replacing sessionId 5e216bad-91ce-4c36-ab56-373f74c41230 with 974dd6d7-8de7-4f23-bbdb-c2c6f3712f51
[35m[HTTP][39m [37m<-- GET /wd/hub/session/974dd6d7-8de7-4f23-bbdb-c2c6f3712f51/source [39m[32m200[39m [90m520 ms - 20302[39m
[35m[HTTP][39m [90m[39m
[35m[HTTP][39m [37m-->[39m [37mGET[39m [37m/wd/hub/session/974dd6d7-8de7-4f23-bbdb-c2c6f3712f51/screenshot[39m
[35m[HTTP][39m [90m{}[39m
[35m[HTTP][39m [37m<-- GET /wd/hub/session/974dd6d7-8de7-4f23-bbdb-c2c6f3712f51/screenshot [39m[32m200[39m [90m383 ms - 145118[39m
[35m[HTTP][39m [90m[39m
[35m[HTTP][39m [37m-->[39m [37mPOST[39m [37m/wd/hub/session/974dd6d7-8de7-4f23-bbdb-c2c6f3712f51/elements[39m
[35m[HTTP][39m [90m{"using":"xpath","value":"//*[@class = 'android.view.View' and (@text = '' or . = '')]"}[39m
[35m[HTTP][39m [37m<-- POST /wd/hub/session/974dd6d7-8de7-4f23-bbdb-c2c6f3712f51/elements [39m[32m200[39m [90m706 ms - 4363[39m
[35m[HTTP][39m [90m[39m
[35m[HTTP][39m [37m-->[39m [37mPOST[39m [37m/wd/hub/session/974dd6d7-8de7-4f23-bbdb-c2c6f3712f51/elements[39m
[35m[HTTP][39m [90m{"using":"accessibility id","value":"fab icon"}[39m
[35m[HTTP][39m [37m<-- POST /wd/hub/session/974dd6d7-8de7-4f23-bbdb-c2c6f3712f51/elements [39m[32m200[39m [90m227 ms - 139[39m
[35m[HTTP][39m [90m[39m
[35m[HTTP][39m [37m-->[39m [37mGET[39m [37m/wd/hub/session/974dd6d7-8de7-4f23-bbdb-c2c6f3712f51/window/rect[39m
[35m[HTTP][39m [90m{}[39m
[35m[HTTP][39m [37m<-- GET /wd/hub/session/974dd6d7-8de7-4f23-bbdb-c2c6f3712f51/window/rect [39m[32m200[39m [90m34 ms - 50[39m
[35m[HTTP][39m [90m[39m
[35m[HTTP][39m [37m-->[39m [37mPOST[39m [37m/wd/hub/session/974dd6d7-8de7-4f23-bbdb-c2c6f3712f51/elements[39m
[35m[HTTP][39m [90m{"using":"accessibility id","value":"fab icon"}[39m
[35m[HTTP][39m [37m<-- POST /wd/hub/session/974dd6d7-8de7-4f23-bbdb-c2c6f3712f51/elements [39m[32m200[39m [90m237 ms - 139[39m
[35m[HTTP][39m [90m[39m
[35m[HTTP][39m [37m-->[39m [37mGET[39m [37m/wd/hub/session/974dd6d7-8de7-4f23-bbdb-c2c6f3712f51/element/00000000-0000-0090-0000-024800000004/location[39m
[35m[HTTP][39m [90m{}[39m
[35m[W3C (974dd6d7)][39m Driver proxy active, passing request on via HTTP proxy
[35m[WD Proxy][39m Replacing sessionId 5e216bad-91ce-4c36-ab56-373f74c41230 with 974dd6d7-8de7-4f23-bbdb-c2c6f3712f51
[35m[HTTP][39m [37m<-- GET /wd/hub/session/974dd6d7-8de7-4f23-bbdb-c2c6f3712f51/element/00000000-0000-0090-0000-024800000004/location [39m[32m200[39m [90m55 ms - 79[39m
[35m[HTTP][39m [90m[39m
[35m[HTTP][39m [37m-->[39m [37mPOST[39m [37m/wd/hub/session/974dd6d7-8de7-4f23-bbdb-c2c6f3712f51/touch/perform[39m
[35m[HTTP][39m [90m{"actions":[{"action":"tap","options":{"x":1,"y":1,"element":"00000000-0000-0090-0000-024800000004"}}]}[39m
[35m[UiAutomator2][39m calling get location: 00000000-0000-0090-0000-024800000004
[35m[HTTP][39m [37m<-- POST /wd/hub/session/974dd6d7-8de7-4f23-bbdb-c2c6f3712f51/touch/perform [39m[32m200[39m [90m717 ms - 14[39m
[35m[HTTP][39m [90m[39m
[35m[HTTP][39m [37m-->[39m [37mGET[39m [37m/wd/hub/session/974dd6d7-8de7-4f23-bbdb-c2c6f3712f51/source[39m
[35m[HTTP][39m [90m{}[39m
[35m[W3C (974dd6d7)][39m Driver proxy active, passing request on via HTTP proxy
[35m[WD Proxy][39m Replacing sessionId 5e216bad-91ce-4c36-ab56-373f74c41230 with 974dd6d7-8de7-4f23-bbdb-c2c6f3712f51
[35m[HTTP][39m [37m<-- GET /wd/hub/session/974dd6d7-8de7-4f23-bbdb-c2c6f3712f51/source [39m[32m200[39m [90m371 ms - 17418[39m
[35m[HTTP][39m [90m[39m
[35m[HTTP][39m [37m-->[39m [37mGET[39m [37m/wd/hub/session/974dd6d7-8de7-4f23-bbdb-c2c6f3712f51/screenshot[39m
[35m[HTTP][39m [90m{}[39m
[35m[HTTP][39m [37m<-- GET /wd/hub/session/974dd6d7-8de7-4f23-bbdb-c2c6f3712f51/screenshot [39m[32m200[39m [90m355 ms - 135352[39m
[35m[HTTP][39m [90m[39m
[35m[HTTP][39m [37m-->[39m [37mPOST[39m [37m/wd/hub/session/974dd6d7-8de7-4f23-bbdb-c2c6f3712f51/elements[39m
[35m[HTTP][39m [90m{"using":"xpath","value":"//*[@class = 'android.view.View' and (@text = '' or . = '')]"}[39m
[35m[HTTP][39m [37m<-- POST /wd/hub/session/974dd6d7-8de7-4f23-bbdb-c2c6f3712f51/elements [39m[32m200[39m [90m287 ms - 3723[39m
[35m[HTTP][39m [90m[39m
[35m[HTTP][39m [37m-->[39m [37mPOST[39m [37m/wd/hub/session/974dd6d7-8de7-4f23-bbdb-c2c6f3712f51/elements[39m
[35m[HTTP][39m [90m{"using":"accessibility id","value":"Calendar"}[39m
[35m[HTTP][39m [37m<-- POST /wd/hub/session/974dd6d7-8de7-4f23-bbdb-c2c6f3712f51/elements [39m[32m200[39m [90m210 ms - 139[39m
[35m[HTTP][39m [90m[39m
[35m[HTTP][39m [37m-->[39m [37mGET[39m [37m/wd/hub/session/974dd6d7-8de7-4f23-bbdb-c2c6f3712f51/window/rect[39m
[35m[HTTP][39m [90m{}[39m
[35m[HTTP][39m [37m<-- GET /wd/hub/session/974dd6d7-8de7-4f23-bbdb-c2c6f3712f51/window/rect [39m[32m200[39m [90m29 ms - 50[39m
[35m[HTTP][39m [90m[39m
[35m[HTTP][39m [37m-->[39m [37mPOST[39m [37m/wd/hub/session/974dd6d7-8de7-4f23-bbdb-c2c6f3712f51/elements[39m
[35m[HTTP][39m [90m{"using":"accessibility id","value":"Calendar"}[39m
[35m[HTTP][39m [37m<-- POST /wd/hub/session/974dd6d7-8de7-4f23-bbdb-c2c6f3712f51/elements [39m[32m200[39m [90m218 ms - 139[39m
[35m[HTTP][39m [90m[39m
[35m[HTTP][39m [37m-->[39m [37mGET[39m [37m/wd/hub/session/974dd6d7-8de7-4f23-bbdb-c2c6f3712f51/element/00000000-0000-0090-0000-028100000004/location[39m
[35m[HTTP][39m [90m{}[39m
[35m[W3C (974dd6d7)][39m Driver proxy active, passing request on via HTTP proxy
[35m[WD Proxy][39m Replacing sessionId 5e216bad-91ce-4c36-ab56-373f74c41230 with 974dd6d7-8de7-4f23-bbdb-c2c6f3712f51
[35m[HTTP][39m [37m<-- GET /wd/hub/session/974dd6d7-8de7-4f23-bbdb-c2c6f3712f51/element/00000000-0000-0090-0000-028100000004/location [39m[32m200[39m [90m36 ms - 78[39m
[35m[HTTP][39m [90m[39m
[35m[HTTP][39m [37m-->[39m [37mPOST[39m [37m/wd/hub/session/974dd6d7-8de7-4f23-bbdb-c2c6f3712f51/touch/perform[39m
[35m[HTTP][39m [90m{"actions":[{"action":"tap","options":{"x":1,"y":1,"element":"00000000-0000-0090-0000-028100000004"}}]}[39m
[35m[UiAutomator2][39m calling get location: 00000000-0000-0090-0000-028100000004
[35m[HTTP][39m [37m<-- POST /wd/hub/session/974dd6d7-8de7-4f23-bbdb-c2c6f3712f51/touch/perform [39m[32m200[39m [90m828 ms - 14[39m
[35m[HTTP][39m [90m[39m
[35m[HTTP][39m [37m-->[39m [37mGET[39m [37m/wd/hub/session/974dd6d7-8de7-4f23-bbdb-c2c6f3712f51/source[39m
[35m[HTTP][39m [90m{}[39m
[35m[W3C (974dd6d7)][39m Driver proxy active, passing request on via HTTP proxy
[35m[WD Proxy][39m Replacing sessionId 5e216bad-91ce-4c36-ab56-373f74c41230 with 974dd6d7-8de7-4f23-bbdb-c2c6f3712f51
[35m[HTTP][39m [37m<-- GET /wd/hub/session/974dd6d7-8de7-4f23-bbdb-c2c6f3712f51/source [39m[32m200[39m [90m479 ms - 30239[39m
[35m[HTTP][39m [90m[39m
[35m[HTTP][39m [37m-->[39m [37mGET[39m [37m/wd/hub/session/974dd6d7-8de7-4f23-bbdb-c2c6f3712f51/screenshot[39m
[35m[HTTP][39m [90m{}[39m
[35m[HTTP][39m [37m<-- GET /wd/hub/session/974dd6d7-8de7-4f23-bbdb-c2c6f3712f51/screenshot [39m[32m200[39m [90m386 ms - 157728[39m
[35m[HTTP][39m [90m[39m
[35m[HTTP][39m [37m-->[39m [37mPOST[39m [37m/wd/hub/session/974dd6d7-8de7-4f23-bbdb-c2c6f3712f51/elements[39m
[35m[HTTP][39m [90m{"using":"xpath","value":"//*[@class = 'android.view.View' and (@text = '15' or . = '15')]"}[39m
[35m[HTTP][39m [37m<-- POST /wd/hub/session/974dd6d7-8de7-4f23-bbdb-c2c6f3712f51/elements [39m[32m200[39m [90m464 ms - 139[39m
[35m[HTTP][39m [90m[39m
[35m[HTTP][39m [37m-->[39m [37mGET[39m [37m/wd/hub/session/974dd6d7-8de7-4f23-bbdb-c2c6f3712f51/window/rect[39m
[35m[HTTP][39m [90m{}[39m
[35m[HTTP][39m [37m<-- GET /wd/hub/session/974dd6d7-8de7-4f23-bbdb-c2c6f3712f51/window/rect [39m[32m200[39m [90m14 ms - 50[39m
[35m[HTTP][39m [90m[39m
[35m[HTTP][39m [37m-->[39m [37mPOST[39m [37m/wd/hub/session/974dd6d7-8de7-4f23-bbdb-c2c6f3712f51/elements[39m
[35m[HTTP][39m [90m{"using":"xpath","value":"//*[@class = 'android.view.View' and (@text = '15' or . = '15')]"}[39m
[35m[HTTP][39m [37m<-- POST /wd/hub/session/974dd6d7-8de7-4f23-bbdb-c2c6f3712f51/elements [39m[32m200[39m [90m417 ms - 139[39m
[35m[HTTP][39m [90m[39m
[35m[HTTP][39m [37m-->[39m [37mGET[39m [37m/wd/hub/session/974dd6d7-8de7-4f23-bbdb-c2c6f3712f51/element/00000000-0000-0090-0000-000f00000013/location[39m
[35m[HTTP][39m [90m{}[39m
[35m[W3C (974dd6d7)][39m Driver proxy active, passing request on via HTTP proxy
[35m[WD Proxy][39m Replacing sessionId 5e216bad-91ce-4c36-ab56-373f74c41230 with 974dd6d7-8de7-4f23-bbdb-c2c6f3712f51
[35m[HTTP][39m [37m<-- GET /wd/hub/session/974dd6d7-8de7-4f23-bbdb-c2c6f3712f51/element/00000000-0000-0090-0000-000f00000013/location [39m[32m200[39m [90m29 ms - 79[39m
[35m[HTTP][39m [90m[39m
[35m[HTTP][39m [37m-->[39m [37mPOST[39m [37m/wd/hub/session/974dd6d7-8de7-4f23-bbdb-c2c6f3712f51/touch/perform[39m
[35m[HTTP][39m [90m{"actions":[{"action":"tap","options":{"x":1,"y":1,"element":"00000000-0000-0090-0000-000f00000013"}}]}[39m
[35m[UiAutomator2][39m calling get location: 00000000-0000-0090-0000-000f00000013
[35m[HTTP][39m [37m<-- POST /wd/hub/session/974dd6d7-8de7-4f23-bbdb-c2c6f3712f51/touch/perform [39m[32m200[39m [90m699 ms - 14[39m
[35m[HTTP][39m [90m[39m
[35m[HTTP][39m [37m-->[39m [37mGET[39m [37m/wd/hub/session/974dd6d7-8de7-4f23-bbdb-c2c6f3712f51/source[39m
[35m[HTTP][39m [90m{}[39m
[35m[W3C (974dd6d7)][39m Driver proxy active, passing request on via HTTP proxy
[35m[WD Proxy][39m Replacing sessionId 5e216bad-91ce-4c36-ab56-373f74c41230 with 974dd6d7-8de7-4f23-bbdb-c2c6f3712f51
[35m[HTTP][39m [37m<-- GET /wd/hub/session/974dd6d7-8de7-4f23-bbdb-c2c6f3712f51/source [39m[32m200[39m [90m201 ms - 17419[39m
[35m[HTTP][39m [90m[39m
[35m[HTTP][39m [37m-->[39m [37mGET[39m [37m/wd/hub/session/974dd6d7-8de7-4f23-bbdb-c2c6f3712f51/screenshot[39m
[35m[HTTP][39m [90m{}[39m
[35m[HTTP][39m [37m<-- GET /wd/hub/session/974dd6d7-8de7-4f23-bbdb-c2c6f3712f51/screenshot [39m[32m200[39m [90m386 ms - 137314[39m
[35m[HTTP][39m [90m[39m
[35m[HTTP][39m [37m-->[39m [37mPOST[39m [37m/wd/hub/session/974dd6d7-8de7-4f23-bbdb-c2c6f3712f51/elements[39m
[35m[HTTP][39m [90m{"using":"xpath","value":"//*[@class = 'android.view.View' and (@text = '0.0' or . = '0.0')]"}[39m
[35m[HTTP][39m [37m<-- POST /wd/hub/session/974dd6d7-8de7-4f23-bbdb-c2c6f3712f51/elements [39m[32m200[39m [90m585 ms - 139[39m
[35m[HTTP][39m [90m[39m
[35m[HTTP][39m [37m-->[39m [37mGET[39m [37m/wd/hub/session/974dd6d7-8de7-4f23-bbdb-c2c6f3712f51/window/rect[39m
[35m[HTTP][39m [90m{}[39m
[35m[HTTP][39m [37m<-- GET /wd/hub/session/974dd6d7-8de7-4f23-bbdb-c2c6f3712f51/window/rect [39m[32m200[39m [90m17 ms - 50[39m
[35m[HTTP][39m [90m[39m
[35m[HTTP][39m [37m-->[39m [37mPOST[39m [37m/wd/hub/session/974dd6d7-8de7-4f23-bbdb-c2c6f3712f51/elements[39m
[35m[HTTP][39m [90m{"using":"xpath","value":"//*[@class = 'android.view.View' and (@text = '0.0' or . = '0.0')]"}[39m
[35m[HTTP][39m [37m<-- POST /wd/hub/session/974dd6d7-8de7-4f23-bbdb-c2c6f3712f51/elements [39m[32m200[39m [90m236 ms - 139[39m
[35m[HTTP][39m [90m[39m
[35m[HTTP][39m [37m-->[39m [37mGET[39m [37m/wd/hub/session/974dd6d7-8de7-4f23-bbdb-c2c6f3712f51/element/00000000-0000-0090-0000-028700000004/location[39m
[35m[HTTP][39m [90m{}[39m
[35m[W3C (974dd6d7)][39m Driver proxy active, passing request on via HTTP proxy
[35m[WD Proxy][39m Replacing sessionId 5e216bad-91ce-4c36-ab56-373f74c41230 with 974dd6d7-8de7-4f23-bbdb-c2c6f3712f51
[35m[HTTP][39m [37m<-- GET /wd/hub/session/974dd6d7-8de7-4f23-bbdb-c2c6f3712f51/element/00000000-0000-0090-0000-028700000004/location [39m[32m200[39m [90m33 ms - 77[39m
[35m[HTTP][39m [90m[39m
[35m[HTTP][39m [37m-->[39m [37mPOST[39m [37m/wd/hub/session/974dd6d7-8de7-4f23-bbdb-c2c6f3712f51/element/00000000-0000-0090-0000-028700000004/clear[39m
[35m[HTTP][39m [90m{"id":"00000000-0000-0090-0000-028700000004"}[39m
[35m[HTTP][39m [37m<-- POST /wd/hub/session/974dd6d7-8de7-4f23-bbdb-c2c6f3712f51/element/00000000-0000-0090-0000-028700000004/clear [39m[32m200[39m [90m42 ms - 14[39m
[35m[HTTP][39m [90m[39m
[35m[HTTP][39m [37m-->[39m [37mPOST[39m [37m/wd/hub/session/974dd6d7-8de7-4f23-bbdb-c2c6f3712f51/element/00000000-0000-0090-0000-028700000004/value[39m
[35m[HTTP][39m [90m{"id":"00000000-0000-0090-0000-028700000004","text":"100","value":["1","0","0"]}[39m
[35m[WD Proxy][39m Got response with status 400: {"sessionId":"5e216bad-91ce-4c36-ab56-373f74c41230","value":{"error":"invalid element state","message":"Cannot set the element to '100'. Did you interact with the correct element?","stacktrace":"io.appium.uiautomator2.common.exceptions.InvalidElementStateException: Cannot set the element to '100'. Did you interact with the correct element?\n\tat io.appium.uiautomator2.handler.SendKeysToElement.setText(SendKeysToElement.java:87)\n\tat io.appium.uiautomator2.handler.SendKeysToElement.safeHandle(SendKeysToElement.java:115)\n\tat io.appium.uiautomator2.handler.request.SafeRequestHandler.handle(SafeRequestHandler.java:59)\n\tat io.appium.uiautomator2.server.AppiumServlet.handleRequest(AppiumServlet.java:266)\n\tat io.appium.uiautomator2.server.AppiumServlet.handleHttpRequest(AppiumServlet.java:260)\n\tat io.appium.uiautomator2.http.ServerHandler.channelRead(ServerHandler.java:68)\n\tat io.netty.channel.AbstractChannelHandlerContext.invokeChannelRead(AbstractChannelHandlerContext.java:366)\n\tat io.netty.channel...
[35m[HTTP][39m [37m<-- POST /wd/hub/session/974dd6d7-8de7-4f23-bbdb-c2c6f3712f51/element/00000000-0000-0090-0000-028700000004/value [39m[33m400[39m [90m163 ms - 3885[39m
[35m[HTTP][39m [90m[39m
[35m[HTTP][39m [37m-->[39m [37mPOST[39m [37m/wd/hub/session/974dd6d7-8de7-4f23-bbdb-c2c6f3712f51/elements[39m
[35m[HTTP][39m [90m{"using":"xpath","value":"//*[@class = 'android.widget.EditText' and (@text = '' or . = '')]"}[39m
[35m[HTTP][39m [37m<-- POST /wd/hub/session/974dd6d7-8de7-4f23-bbdb-c2c6f3712f51/elements [39m[32m200[39m [90m212 ms - 267[39m
[35m[HTTP][39m [90m[39m
[35m[HTTP][39m [37m-->[39m [37mPOST[39m [37m/wd/hub/session/974dd6d7-8de7-4f23-bbdb-c2c6f3712f51/elements[39m
[35m[HTTP][39m [90m{"using":"-android uiautomator","value":"new UiSelector().className(\"android.widget.EditText\")"}[39m
[35m[HTTP][39m [37m<-- POST /wd/hub/session/974dd6d7-8de7-4f23-bbdb-c2c6f3712f51/elements [39m[32m200[39m [90m195 ms - 267[39m
[35m[HTTP][39m [90m[39m
[35m[HTTP][39m [37m-->[39m [37mGET[39m [37m/wd/hub/session/974dd6d7-8de7-4f23-bbdb-c2c6f3712f51/window/rect[39m
[35m[HTTP][39m [90m{}[39m
[35m[HTTP][39m [37m<-- GET /wd/hub/session/974dd6d7-8de7-4f23-bbdb-c2c6f3712f51/window/rect [39m[32m200[39m [90m23 ms - 50[39m
[35m[HTTP][39m [90m[39m
[35m[HTTP][39m [37m-->[39m [37mPOST[39m [37m/wd/hub/session/974dd6d7-8de7-4f23-bbdb-c2c6f3712f51/elements[39m
[35m[HTTP][39m [90m{"using":"xpath","value":"//hierarchy/android.widget.FrameLayout[1]/android.widget.LinearLayout[1]/android.widget.FrameLayout[1]/android.view.ViewGroup[1]/android.view.View[1]/android.view.View[1]/android.widget.ScrollView[1]/android.widget.EditText[1]"}[39m
[35m[HTTP][39m [37m<-- POST /wd/hub/session/974dd6d7-8de7-4f23-bbdb-c2c6f3712f51/elements [39m[32m200[39m [90m359 ms - 139[39m
[35m[HTTP][39m [90m[39m
[35m[HTTP][39m [37m-->[39m [37mGET[39m [37m/wd/hub/session/974dd6d7-8de7-4f23-bbdb-c2c6f3712f51/element/00000000-0000-0090-0000-028400000004/location[39m
[35m[HTTP][39m [90m{}[39m
[35m[W3C (974dd6d7)][39m Driver proxy active, passing request on via HTTP proxy
[35m[WD Proxy][39m Replacing sessionId 5e216bad-91ce-4c36-ab56-373f74c41230 with 974dd6d7-8de7-4f23-bbdb-c2c6f3712f51
[35m[HTTP][39m [37m<-- GET /wd/hub/session/974dd6d7-8de7-4f23-bbdb-c2c6f3712f51/element/00000000-0000-0090-0000-028400000004/location [39m[32m200[39m [90m27 ms - 77[39m
[35m[HTTP][39m [90m[39m
[35m[HTTP][39m [37m-->[39m [37mPOST[39m [37m/wd/hub/session/974dd6d7-8de7-4f23-bbdb-c2c6f3712f51/element/00000000-0000-0090-0000-028400000004/clear[39m
[35m[HTTP][39m [90m{"id":"00000000-0000-0090-0000-028400000004"}[39m
[35m[HTTP][39m [37m<-- POST /wd/hub/session/974dd6d7-8de7-4f23-bbdb-c2c6f3712f51/element/00000000-0000-0090-0000-028400000004/clear [39m[32m200[39m [90m37 ms - 14[39m
[35m[HTTP][39m [90m[39m
[35m[HTTP][39m [37m-->[39m [37mPOST[39m [37m/wd/hub/session/974dd6d7-8de7-4f23-bbdb-c2c6f3712f51/element/00000000-0000-0090-0000-028400000004/value[39m
[35m[HTTP][39m [90m{"id":"00000000-0000-0090-0000-028400000004","text":"100","value":["1","0","0"]}[39m
[35m[HTTP][39m [37m<-- POST /wd/hub/session/974dd6d7-8de7-4f23-bbdb-c2c6f3712f51/element/00000000-0000-0090-0000-028400000004/value [39m[32m200[39m [90m66 ms - 14[39m
[35m[HTTP][39m [90m[39m
[35m[HTTP][39m [37m-->[39m [37mGET[39m [37m/wd/hub/session/974dd6d7-8de7-4f23-bbdb-c2c6f3712f51/source[39m
[35m[HTTP][39m [90m{}[39m
[35m[W3C (974dd6d7)][39m Driver proxy active, passing request on via HTTP proxy
[35m[WD Proxy][39m Replacing sessionId 5e216bad-91ce-4c36-ab56-373f74c41230 with 974dd6d7-8de7-4f23-bbdb-c2c6f3712f51
[35m[HTTP][39m [37m<-- GET /wd/hub/session/974dd6d7-8de7-4f23-bbdb-c2c6f3712f51/source [39m[32m200[39m [90m271 ms - 16998[39m
[35m[HTTP][39m [90m[39m
[35m[HTTP][39m [37m-->[39m [37mGET[39m [37m/wd/hub/session/974dd6d7-8de7-4f23-bbdb-c2c6f3712f51/screenshot[39m
[35m[HTTP][39m [90m{}[39m
[35m[HTTP][39m [37m<-- GET /wd/hub/session/974dd6d7-8de7-4f23-bbdb-c2c6f3712f51/screenshot [39m[32m200[39m [90m366 ms - 137506[39m
[35m[HTTP][39m [90m[39m
[35m[HTTP][39m [37m-->[39m [37mPOST[39m [37m/wd/hub/session/974dd6d7-8de7-4f23-bbdb-c2c6f3712f51/elements[39m
[35m[HTTP][39m [90m{"using":"xpath","value":"//*[@class = 'android.widget.EditText' and (@text = '' or . = '')]"}[39m
[35m[HTTP][39m [37m<-- POST /wd/hub/session/974dd6d7-8de7-4f23-bbdb-c2c6f3712f51/elements [39m[32m200[39m [90m240 ms - 267[39m
[35m[HTTP][39m [90m[39m
[35m[HTTP][39m [37m-->[39m [37mPOST[39m [37m/wd/hub/session/974dd6d7-8de7-4f23-bbdb-c2c6f3712f51/elements[39m
[35m[HTTP][39m [90m{"using":"-android uiautomator","value":"new UiSelector().className(\"android.widget.EditText\")"}[39m
[35m[HTTP][39m [37m<-- POST /wd/hub/session/974dd6d7-8de7-4f23-bbdb-c2c6f3712f51/elements [39m[32m200[39m [90m191 ms - 267[39m
[35m[HTTP][39m [90m[39m
[35m[HTTP][39m [37m-->[39m [37mGET[39m [37m/wd/hub/session/974dd6d7-8de7-4f23-bbdb-c2c6f3712f51/window/rect[39m
[35m[HTTP][39m [90m{}[39m
[35m[HTTP][39m [37m<-- GET /wd/hub/session/974dd6d7-8de7-4f23-bbdb-c2c6f3712f51/window/rect [39m[32m200[39m [90m19 ms - 50[39m
[35m[HTTP][39m [90m[39m
[35m[HTTP][39m [37m-->[39m [37mPOST[39m [37m/wd/hub/session/974dd6d7-8de7-4f23-bbdb-c2c6f3712f51/elements[39m
[35m[HTTP][39m [90m{"using":"xpath","value":"//hierarchy/android.widget.FrameLayout[1]/android.widget.LinearLayout[1]/android.widget.FrameLayout[1]/android.view.ViewGroup[1]/android.view.View[1]/android.view.View[1]/android.widget.ScrollView[1]/android.widget.EditText[2]"}[39m
[35m[HTTP][39m [37m<-- POST /wd/hub/session/974dd6d7-8de7-4f23-bbdb-c2c6f3712f51/elements [39m[32m200[39m [90m220 ms - 139[39m
[35m[HTTP][39m [90m[39m
[35m[HTTP][39m [37m-->[39m [37mGET[39m [37m/wd/hub/session/974dd6d7-8de7-4f23-bbdb-c2c6f3712f51/element/00000000-0000-0090-0000-028d00000004/location[39m
[35m[HTTP][39m [90m{}[39m
[35m[W3C (974dd6d7)][39m Driver proxy active, passing request on via HTTP proxy
[35m[WD Proxy][39m Replacing sessionId 5e216bad-91ce-4c36-ab56-373f74c41230 with 974dd6d7-8de7-4f23-bbdb-c2c6f3712f51
[35m[HTTP][39m [37m<-- GET /wd/hub/session/974dd6d7-8de7-4f23-bbdb-c2c6f3712f51/element/00000000-0000-0090-0000-028d00000004/location [39m[32m200[39m [90m35 ms - 78[39m
[35m[HTTP][39m [90m[39m
[35m[HTTP][39m [37m-->[39m [37mPOST[39m [37m/wd/hub/session/974dd6d7-8de7-4f23-bbdb-c2c6f3712f51/element/00000000-0000-0090-0000-028d00000004/clear[39m
[35m[HTTP][39m [90m{"id":"00000000-0000-0090-0000-028d00000004"}[39m
[35m[HTTP][39m [37m<-- POST /wd/hub/session/974dd6d7-8de7-4f23-bbdb-c2c6f3712f51/element/00000000-0000-0090-0000-028d00000004/clear [39m[32m200[39m [90m42 ms - 14[39m
[35m[HTTP][39m [90m[39m
[35m[HTTP][39m [37m-->[39m [37mPOST[39m [37m/wd/hub/session/974dd6d7-8de7-4f23-bbdb-c2c6f3712f51/element/00000000-0000-0090-0000-028d00000004/value[39m
[35m[HTTP][39m [90m{"id":"00000000-0000-0090-0000-028d00000004","text":"Racun s nekom biljeskom","value":["R","a","c","u","n"," ","s"," ","n","e","k","o","m"," ","b","i","l","j","e","s","k","o","m"]}[39m
[35m[HTTP][39m [37m<-- POST /wd/hub/session/974dd6d7-8de7-4f23-bbdb-c2c6f3712f51/element/00000000-0000-0090-0000-028d00000004/value [39m[32m200[39m [90m46 ms - 14[39m
[35m[HTTP][39m [90m[39m
[35m[HTTP][39m [37m-->[39m [37mGET[39m [37m/wd/hub/session/974dd6d7-8de7-4f23-bbdb-c2c6f3712f51/source[39m
[35m[HTTP][39m [90m{}[39m
[35m[W3C (974dd6d7)][39m Driver proxy active, passing request on via HTTP proxy
[35m[WD Proxy][39m Replacing sessionId 5e216bad-91ce-4c36-ab56-373f74c41230 with 974dd6d7-8de7-4f23-bbdb-c2c6f3712f51
[35m[HTTP][39m [37m<-- GET /wd/hub/session/974dd6d7-8de7-4f23-bbdb-c2c6f3712f51/source [39m[32m200[39m [90m276 ms - 16595[39m
[35m[HTTP][39m [90m[39m
[35m[HTTP][39m [37m-->[39m [37mGET[39m [37m/wd/hub/session/974dd6d7-8de7-4f23-bbdb-c2c6f3712f51/screenshot[39m
[35m[HTTP][39m [90m{}[39m
[35m[HTTP][39m [37m<-- GET /wd/hub/session/974dd6d7-8de7-4f23-bbdb-c2c6f3712f51/screenshot [39m[32m200[39m [90m383 ms - 150410[39m
[35m[HTTP][39m [90m[39m
[35m[HTTP][39m [37m-->[39m [37mPOST[39m [37m/wd/hub/session/974dd6d7-8de7-4f23-bbdb-c2c6f3712f51/elements[39m
[35m[HTTP][39m [90m{"using":"xpath","value":"//*[@class = 'android.view.View' and (@text = 'SPREMI' or . = 'SPREMI')]"}[39m
[35m[HTTP][39m [37m<-- POST /wd/hub/session/974dd6d7-8de7-4f23-bbdb-c2c6f3712f51/elements [39m[32m200[39m [90m196 ms - 139[39m
[35m[HTTP][39m [90m[39m
[35m[HTTP][39m [37m-->[39m [37mGET[39m [37m/wd/hub/session/974dd6d7-8de7-4f23-bbdb-c2c6f3712f51/window/rect[39m
[35m[HTTP][39m [90m{}[39m
[35m[HTTP][39m [37m<-- GET /wd/hub/session/974dd6d7-8de7-4f23-bbdb-c2c6f3712f51/window/rect [39m[32m200[39m [90m10 ms - 50[39m
[35m[HTTP][39m [90m[39m
[35m[HTTP][39m [37m-->[39m [37mPOST[39m [37m/wd/hub/session/974dd6d7-8de7-4f23-bbdb-c2c6f3712f51/elements[39m
[35m[HTTP][39m [90m{"using":"xpath","value":"//*[@class = 'android.view.View' and (@text = 'SPREMI' or . = 'SPREMI')]"}[39m
[35m[HTTP][39m [37m<-- POST /wd/hub/session/974dd6d7-8de7-4f23-bbdb-c2c6f3712f51/elements [39m[32m200[39m [90m211 ms - 139[39m
[35m[HTTP][39m [90m[39m
[35m[HTTP][39m [37m-->[39m [37mGET[39m [37m/wd/hub/session/974dd6d7-8de7-4f23-bbdb-c2c6f3712f51/element/00000000-0000-0090-0000-029b00000004/location[39m
[35m[HTTP][39m [90m{}[39m
[35m[W3C (974dd6d7)][39m Driver proxy active, passing request on via HTTP proxy
[35m[WD Proxy][39m Replacing sessionId 5e216bad-91ce-4c36-ab56-373f74c41230 with 974dd6d7-8de7-4f23-bbdb-c2c6f3712f51
[35m[HTTP][39m [37m<-- GET /wd/hub/session/974dd6d7-8de7-4f23-bbdb-c2c6f3712f51/element/00000000-0000-0090-0000-029b00000004/location [39m[32m200[39m [90m28 ms - 79[39m
[35m[HTTP][39m [90m[39m
[35m[HTTP][39m [37m-->[39m [37mPOST[39m [37m/wd/hub/session/974dd6d7-8de7-4f23-bbdb-c2c6f3712f51/touch/perform[39m
[35m[HTTP][39m [90m{"actions":[{"action":"tap","options":{"x":1,"y":1,"element":"00000000-0000-0090-0000-029b00000004"}}]}[39m
[35m[UiAutomator2][39m calling get location: 00000000-0000-0090-0000-029b00000004
[35m[HTTP][39m [37m<-- POST /wd/hub/session/974dd6d7-8de7-4f23-bbdb-c2c6f3712f51/touch/perform [39m[32m200[39m [90m212 ms - 14[39m
[35m[HTTP][39m [90m[39m
[35m[HTTP][39m [37m-->[39m [37mGET[39m [37m/wd/hub/session/974dd6d7-8de7-4f23-bbdb-c2c6f3712f51/source[39m
[35m[HTTP][39m [90m{}[39m
[35m[W3C (974dd6d7)][39m Driver proxy active, passing request on via HTTP proxy
[35m[WD Proxy][39m Replacing sessionId 5e216bad-91ce-4c36-ab56-373f74c41230 with 974dd6d7-8de7-4f23-bbdb-c2c6f3712f51
[35m[HTTP][39m [37m<-- GET /wd/hub/session/974dd6d7-8de7-4f23-bbdb-c2c6f3712f51/source [39m[32m200[39m [90m328 ms - 24287[39m
[35m[HTTP][39m [90m[39m
[35m[HTTP][39m [37m-->[39m [37mGET[39m [37m/wd/hub/session/974dd6d7-8de7-4f23-bbdb-c2c6f3712f51/screenshot[39m
[35m[HTTP][39m [90m{}[39m
[35m[HTTP][39m [37m<-- GET /wd/hub/session/974dd6d7-8de7-4f23-bbdb-c2c6f3712f51/screenshot [39m[32m200[39m [90m392 ms - 175682[39m
[35m[HTTP][39m [90m[39m
[35m[HTTP][39m [37m-->[39m [37mPOST[39m [37m/wd/hub/session/974dd6d7-8de7-4f23-bbdb-c2c6f3712f51/elements[39m
[35m[HTTP][39m [90m{"using":"xpath","value":"//*[@class = 'android.view.View' and (@text = 'Nadolazeći računi' or . = 'Nadolazeći računi')]"}[39m
[35m[HTTP][39m [37m<-- POST /wd/hub/session/974dd6d7-8de7-4f23-bbdb-c2c6f3712f51/elements [39m[32m200[39m [90m240 ms - 139[39m
[35m[HTTP][39m [90m[39m
[35m[HTTP][39m [37m-->[39m [37mGET[39m [37m/wd/hub/session/974dd6d7-8de7-4f23-bbdb-c2c6f3712f51/window/rect[39m
[35m[HTTP][39m [90m{}[39m
[35m[HTTP][39m [37m<-- GET /wd/hub/session/974dd6d7-8de7-4f23-bbdb-c2c6f3712f51/window/rect [39m[32m200[39m [90m14 ms - 50[39m
[35m[HTTP][39m [90m[39m
[35m[HTTP][39m [37m-->[39m [37mPOST[39m [37m/wd/hub/session/974dd6d7-8de7-4f23-bbdb-c2c6f3712f51/elements[39m
[35m[HTTP][39m [90m{"using":"xpath","value":"//*[@class = 'android.view.View' and (@text = 'Nadolazeći računi' or . = 'Nadolazeći računi')]"}[39m
[35m[HTTP][39m [37m<-- POST /wd/hub/session/974dd6d7-8de7-4f23-bbdb-c2c6f3712f51/elements [39m[32m200[39m [90m251 ms - 139[39m
[35m[HTTP][39m [90m[39m
[35m[HTTP][39m [37m-->[39m [37mGET[39m [37m/wd/hub/session/974dd6d7-8de7-4f23-bbdb-c2c6f3712f51/element/00000000-0000-0090-0000-02cb00000004/location[39m
[35m[HTTP][39m [90m{}[39m
[35m[W3C (974dd6d7)][39m Driver proxy active, passing request on via HTTP proxy
[35m[WD Proxy][39m Replacing sessionId 5e216bad-91ce-4c36-ab56-373f74c41230 with 974dd6d7-8de7-4f23-bbdb-c2c6f3712f51
[35m[HTTP][39m [37m<-- GET /wd/hub/session/974dd6d7-8de7-4f23-bbdb-c2c6f3712f51/element/00000000-0000-0090-0000-02cb00000004/location [39m[32m200[39m [90m23 ms - 77[39m
[35m[HTTP][39m [90m[39m
[35m[HTTP][39m [37m-->[39m [37mGET[39m [37m/wd/hub/session/974dd6d7-8de7-4f23-bbdb-c2c6f3712f51/element/00000000-0000-0090-0000-02cb00000004/text[39m
[35m[HTTP][39m [90m{}[39m
[35m[W3C (974dd6d7)][39m Driver proxy active, passing request on via HTTP proxy
[35m[WD Proxy][39m Replacing sessionId 5e216bad-91ce-4c36-ab56-373f74c41230 with 974dd6d7-8de7-4f23-bbdb-c2c6f3712f51
[35m[HTTP][39m [37m<-- GET /wd/hub/session/974dd6d7-8de7-4f23-bbdb-c2c6f3712f51/element/00000000-0000-0090-0000-02cb00000004/text [39m[32m200[39m [90m25 ms - 82[39m
[35m[HTTP][39m [90m[39m
[35m[HTTP][39m [37m-->[39m [37mGET[39m [37m/wd/hub/session/974dd6d7-8de7-4f23-bbdb-c2c6f3712f51/source[39m
[35m[HTTP][39m [90m{}[39m
[35m[W3C (974dd6d7)][39m Driver proxy active, passing request on via HTTP proxy
[35m[WD Proxy][39m Replacing sessionId 5e216bad-91ce-4c36-ab56-373f74c41230 with 974dd6d7-8de7-4f23-bbdb-c2c6f3712f51
[35m[HTTP][39m [37m<-- GET /wd/hub/session/974dd6d7-8de7-4f23-bbdb-c2c6f3712f51/source [39m[32m200[39m [90m317 ms - 24287[39m
[35m[HTTP][39m [90m[39m
[35m[HTTP][39m [37m-->[39m [37mGET[39m [37m/wd/hub/session/974dd6d7-8de7-4f23-bbdb-c2c6f3712f51/screenshot[39m
[35m[HTTP][39m [90m{}[39m
[35m[HTTP][39m [37m<-- GET /wd/hub/session/974dd6d7-8de7-4f23-bbdb-c2c6f3712f51/screenshot [39m[32m200[39m [90m386 ms - 174660[39m
[35m[HTTP][39m [90m[39m
[35m[HTTP][39m [37m-->[39m [37mDELETE[39m [37m/wd/hub/session/974dd6d7-8de7-4f23-bbdb-c2c6f3712f51[39m
[35m[HTTP][39m [90m{}[39m
[35m[Appium][39m Removing session 974dd6d7-8de7-4f23-bbdb-c2c6f3712f51 from our master session list
[35m[UiAutomator2][39m Restoring hidden api policy to the device default configuration
[35m[HTTP][39m [37m<-- DELETE /wd/hub/session/974dd6d7-8de7-4f23-bbdb-c2c6f3712f51 [39m[32m200[39m [90m524 ms - 14[39m
[35m[HTTP][39m [90m[39m
